This is LuaHBTeX, Version 1.21.0 (TeX Live 2025)  (format=lualatex 2025.12.17)  17 JAN 2026 23:30
 restricted system commands enabled.
**quick_tutorial.tex
(./quick_tutorial.tex
LaTeX2e <2024-11-01> patch level 2
L3 programming layer <2025-01-18>
Lua module: luaotfload 2024-12-03 v3.29 Lua based OpenType font support
Lua module: lualibs 2023-07-13 v2.76 ConTeXt Lua standard libraries.
Lua module: lualibs-extended 2023-07-13 v2.76 ConTeXt Lua libraries -- extended 
collection.
luaotfload | conf : Root cache directory is "/Users/akihirao/Library/texlive/202
5/texmf-var/luatex-cache/generic/names".
luaotfload | init : Loading fontloader "fontloader-2023-12-28.lua" from kpse-res
olved path "/usr/local/texlive/2025/texmf-dist/tex/luatex/luaotfload/fontloader-
2023-12-28.lua".
Lua-only attribute luaotfload@noligature = 1
luaotfload | init : Context OpenType loader version 3.134
Inserting `luaotfload.node_processor' in `pre_linebreak_filter'.
Inserting `luaotfload.node_processor' in `hpack_filter'.
Inserting `luaotfload.glyph_stream' in `glyph_stream_provider'.
Inserting `luaotfload.define_font' in `define_font'.
Lua-only attribute luaotfload_color_attribute = 2
luaotfload | conf : Root cache directory is "/Users/akihirao/Library/texlive/202
5/texmf-var/luatex-cache/generic/names".
Inserting `luaotfload.harf.strip_prefix' in `find_opentype_file'.
Inserting `luaotfload.harf.strip_prefix' in `find_truetype_file'.
Removing  `luaotfload.glyph_stream' from `glyph_stream_provider'.
Inserting `luaotfload.harf.glyphstream' in `glyph_stream_provider'.
Inserting `luaotfload.harf.finalize_vlist' in `post_linebreak_filter'.
Inserting `luaotfload.harf.finalize_hlist' in `hpack_filter'.
Inserting `luaotfload.cleanup_files' in `wrapup_run'.
Inserting `luaotfload.harf.finalize_unicode' in `finish_pdffile'.
Inserting `luaotfload.glyphinfo' in `glyph_info'.
Lua-only attribute luaotfload.letterspace_done = 3
Inserting `luaotfload.aux.set_sscale_dimens' in `luaotfload.patch_font'.
Inserting `luaotfload.aux.set_font_index' in `luaotfload.patch_font'.
Inserting `luaotfload.aux.patch_cambria_domh' in `luaotfload.patch_font'.
Inserting `luaotfload.aux.fixup_fontdata' in `luaotfload.patch_font_unsafe'.
Inserting `luaotfload.aux.set_capheight' in `luaotfload.patch_font'.
Inserting `luaotfload.aux.set_xheight' in `luaotfload.patch_font'.
Inserting `luaotfload.rewrite_fontname' in `luaotfload.patch_font'.
Inserting `tracingstacklevels' in `input_level_string'. (/usr/local/texlive/202
5/texmf-dist/tex/latex/base/article.cls
Document Class: article 2024/06/29 v1.4n Standard LaTeX document class
(/usr/local/texlive/2025/texmf-dist/tex/latex/base/size10.clo
File: size10.clo 2024/06/29 v1.4n Standard LaTeX file (size option)
luaotfload | db : Font names database loaded from /Users/akihirao/Library/texliv
e/2025/texmf-var/luatex-cache/generic/names/luaotfload-names.luc.gz)
\c@part=\count194
\c@section=\count195
\c@subsection=\count196
\c@subsubsection=\count197
\c@paragraph=\count198
\c@subparagraph=\count199
\c@figure=\count266
\c@table=\count267
\abovecaptionskip=\skip49
\belowcaptionskip=\skip50
\bibindent=\dimen140
) (/usr/local/texlive/2025/texmf-dist/tex/latex/xcolor/xcolor.sty
Package: xcolor 2024/09/29 v3.02 LaTeX color extensions (UK)
(/usr/local/texlive/2025/texmf-dist/tex/latex/graphics-cfg/color.cfg
File: color.cfg 2016/01/02 v1.6 sample color configuration
)
Package xcolor Info: Driver file: luatex.def on input line 274.
(/usr/local/texlive/2025/texmf-dist/tex/latex/graphics-def/luatex.def
File: luatex.def 2024/04/13 v1.2e Graphics/color driver for luatex
) (/usr/local/texlive/2025/texmf-dist/tex/latex/graphics/mathcolor.ltx)
Package xcolor Info: Model `cmy' substituted by `cmy0' on input line 1349.
Package xcolor Info: Model `hsb' substituted by `rgb' on input line 1353.
Package xcolor Info: Model `RGB' extended on input line 1365.
Package xcolor Info: Model `HTML' substituted by `rgb' on input line 1367.
Package xcolor Info: Model `Hsb' substituted by `hsb' on input line 1368.
Package xcolor Info: Model `tHsb' substituted by `hsb' on input line 1369.
Package xcolor Info: Model `HSB' substituted by `hsb' on input line 1370.
Package xcolor Info: Model `Gray' substituted by `gray' on input line 1371.
Package xcolor Info: Model `wave' substituted by `hsb' on input line 1372.
) (/usr/local/texlive/2025/texmf-dist/tex/latex/geometry/geometry.sty
Package: geometry 2020/01/02 v5.9 Page Geometry
(/usr/local/texlive/2025/texmf-dist/tex/latex/graphics/keyval.sty
Package: keyval 2022/05/29 v1.15 key=value parser (DPC)
\KV@toks@=\toks17
) (/usr/local/texlive/2025/texmf-dist/tex/generic/iftex/ifvtex.sty
Package: ifvtex 2019/10/25 v1.7 ifvtex legacy package. Use iftex instead.
(/usr/local/texlive/2025/texmf-dist/tex/generic/iftex/iftex.sty
Package: iftex 2024/12/12 v1.0g TeX engine tests
))
\Gm@cnth=\count268
\Gm@cntv=\count269
\c@Gm@tempcnt=\count270
\Gm@bindingoffset=\dimen141
\Gm@wd@mp=\dimen142
\Gm@odd@mp=\dimen143
\Gm@even@mp=\dimen144
\Gm@layoutwidth=\dimen145
\Gm@layoutheight=\dimen146
\Gm@layouthoffset=\dimen147
\Gm@layoutvoffset=\dimen148
\Gm@dimlist=\toks18
) (/usr/local/texlive/2025/texmf-dist/tex/latex/amsmath/amsmath.sty
Package: amsmath 2024/11/05 v2.17t AMS math features
\@mathmargin=\skip51
For additional information on amsmath, use the `?' option.
(/usr/local/texlive/2025/texmf-dist/tex/latex/amsmath/amstext.sty
Package: amstext 2021/08/26 v2.01 AMS text
(/usr/local/texlive/2025/texmf-dist/tex/latex/amsmath/amsgen.sty
File: amsgen.sty 1999/11/30 v2.0 generic functions
\@emptytoks=\toks19
\ex@=\dimen149
)) (/usr/local/texlive/2025/texmf-dist/tex/latex/amsmath/amsbsy.sty
Package: amsbsy 1999/11/29 v1.2d Bold Symbols
\pmbraise@=\dimen150
) (/usr/local/texlive/2025/texmf-dist/tex/latex/amsmath/amsopn.sty
Package: amsopn 2022/04/08 v2.04 operator names
)
\inf@bad=\count271
LaTeX Info: Redefining \frac on input line 235.
\uproot@=\count272
\leftroot@=\count273
LaTeX Info: Redefining \overline on input line 398.
LaTeX Info: Redefining \colon on input line 409.
\classnum@=\count274
\DOTSCASE@=\count275
LaTeX Info: Redefining \ldots on input line 495.
LaTeX Info: Redefining \dots on input line 498.
LaTeX Info: Redefining \cdots on input line 619.
\Mathstrutbox@=\box52
\strutbox@=\box53
LaTeX Info: Redefining \big on input line 721.
LaTeX Info: Redefining \Big on input line 722.
LaTeX Info: Redefining \bigg on input line 723.
LaTeX Info: Redefining \Bigg on input line 724.
\big@size=\dimen151
LaTeX Font Info:    Redeclaring font encoding OML on input line 742.
LaTeX Font Info:    Redeclaring font encoding OMS on input line 743.
\macc@depth=\count276
LaTeX Info: Redefining \bmod on input line 904.
LaTeX Info: Redefining \pmod on input line 909.
LaTeX Info: Redefining \smash on input line 939.
LaTeX Info: Redefining \relbar on input line 969.
LaTeX Info: Redefining \Relbar on input line 970.
\c@MaxMatrixCols=\count277
\dotsspace@=\muskip17
\c@parentequation=\count278
\dspbrk@lvl=\count279
\tag@help=\toks20
\row@=\count280
\column@=\count281
\maxfields@=\count282
\andhelp@=\toks21
\eqnshift@=\dimen152
\alignsep@=\dimen153
\tagshift@=\dimen154
\tagwidth@=\dimen155
\totwidth@=\dimen156
\lineht@=\dimen157
\@envbody=\toks22
\multlinegap=\skip52
\multlinetaggap=\skip53
\mathdisplay@stack=\toks23
LaTeX Info: Redefining \[ on input line 2953.
LaTeX Info: Redefining \] on input line 2954.
) (/usr/local/texlive/2025/texmf-dist/tex/latex/amsfonts/amssymb.sty
Package: amssymb 2013/01/14 v3.01 AMS font symbols
(/usr/local/texlive/2025/texmf-dist/tex/latex/amsfonts/amsfonts.sty
Package: amsfonts 2013/01/14 v3.01 Basic AMSFonts support
\symAMSa=\mathgroup4
\symAMSb=\mathgroup5
LaTeX Font Info:    Redeclaring math symbol \hbar on input line 98.
LaTeX Font Info:    Overwriting math alphabet `\mathfrak' in version `bold'
(Font)                  U/euf/m/n --> U/euf/b/n on input line 106.
)) (/usr/local/texlive/2025/texmf-dist/tex/latex/unicode-math/unicode-math.sty 
(/usr/local/texlive/2025/texmf-dist/tex/latex/l3kernel/expl3.sty
Package: expl3 2025-01-18 L3 programming layer (loader) 
(/usr/local/texlive/2025/texmf-dist/tex/latex/l3backend/l3backend-luatex.def
File: l3backend-luatex.def 2024-05-08 L3 backend support: PDF output (LuaTeX)
\l__color_backend_stack_int=\count283
Inserting `l3color' in `luaotfload.parse_color'.
\l__pdf_internal_box=\box54
))
Package: unicode-math 2023/08/13 v0.8r Unicode maths in XeLaTeX and LuaLaTeX

(/usr/local/texlive/2025/texmf-dist/tex/latex/unicode-math/unicode-math-luatex.
sty
Package: unicode-math-luatex 2023/08/13 v0.8r Unicode maths in XeLaTeX and LuaL
aTeX
(/usr/local/texlive/2025/texmf-dist/tex/latex/l3packages/xparse/xparse.sty
Package: xparse 2024-08-16 L3 Experimental document command parser
) (/usr/local/texlive/2025/texmf-dist/tex/latex/l3packages/l3keys2e/l3keys2e.st
y
Package: l3keys2e 2024-08-16 LaTeX2e option processing using LaTeX3 keys
) (/usr/local/texlive/2025/texmf-dist/tex/latex/fontspec/fontspec.sty
Package: fontspec 2024/05/11 v2.9e Font selection for XeLaTeX and LuaLaTeX
Lua module: fontspec 2024/05/11 v2.9e Font selection for XeLaTeX and LuaLaTeX (/usr/local/texlive/2025/texmf-dist/tex/latex/fontspec/fontspec-luatex.sty
Package: fontspec-luatex 2024/05/11 v2.9e Font selection for XeLaTeX and LuaLaT
eX
\l__fontspec_script_int=\count284
\l__fontspec_language_int=\count285
\l__fontspec_strnum_int=\count286
\l__fontspec_tmp_int=\count287
\l__fontspec_tmpa_int=\count288
\l__fontspec_tmpb_int=\count289
\l__fontspec_tmpc_int=\count290
\l__fontspec_em_int=\count291
\l__fontspec_emdef_int=\count292
\l__fontspec_strong_int=\count293
\l__fontspec_strongdef_int=\count294
\l__fontspec_tmpa_dim=\dimen158
\l__fontspec_tmpb_dim=\dimen159
\l__fontspec_tmpc_dim=\dimen160
(/usr/local/texlive/2025/texmf-dist/tex/latex/base/fontenc.sty
Package: fontenc 2021/04/29 v2.0v Standard LaTeX package
) (/usr/local/texlive/2025/texmf-dist/tex/latex/fontspec/fontspec.cfg))) (/usr/
local/texlive/2025/texmf-dist/tex/latex/base/fix-cm.sty
Package: fix-cm 2020/11/24 v1.1t fixes to LaTeX
(/usr/local/texlive/2025/texmf-dist/tex/latex/base/ts1enc.def
File: ts1enc.def 2001/06/05 v3.0e (jk/car/fm) Standard LaTeX file
LaTeX Font Info:    Redeclaring font encoding TS1 on input line 47.
))
(/usr/local/texlive/2025/texmf-dist/tex/lualatex/lualatex-math/lualatex-math.st
y
Package: lualatex-math 2022/01/01 v1.12 Patches for mathematics typesetting wit
h LuaLaTeX
(/usr/local/texlive/2025/texmf-dist/tex/latex/etoolbox/etoolbox.sty
Package: etoolbox 2025/02/11 v2.5l e-TeX tools for LaTeX (JAW)
\etb@tempcnta=\count295
)
Lua module: lualatex-math 2013/08/03 v1.3 Patches for mathematics typesetting wi
th LuaLaTeX)
\g__um_fam_int=\count296
\g__um_fonts_used_int=\count297
\l__um_primecount_int=\count298
\g__um_primekern_muskip=\muskip18

(/usr/local/texlive/2025/texmf-dist/tex/latex/unicode-math/unicode-math-table.t
ex))) (/usr/local/texlive/2025/texmf-dist/tex/latex/lm/lmodern.sty
Package: lmodern 2015/05/01 v1.6.1 Latin Modern Fonts
LaTeX Font Info:    Overwriting symbol font `operators' in version `normal'
(Font)                  OT1/cmr/m/n --> OT1/lmr/m/n on input line 22.
LaTeX Font Info:    Overwriting symbol font `letters' in version `normal'
(Font)                  OML/cmm/m/it --> OML/lmm/m/it on input line 23.
LaTeX Font Info:    Overwriting symbol font `symbols' in version `normal'
(Font)                  OMS/cmsy/m/n --> OMS/lmsy/m/n on input line 24.
LaTeX Font Info:    Overwriting symbol font `largesymbols' in version `normal'
(Font)                  OMX/cmex/m/n --> OMX/lmex/m/n on input line 25.
LaTeX Font Info:    Overwriting symbol font `operators' in version `bold'
(Font)                  OT1/cmr/bx/n --> OT1/lmr/bx/n on input line 26.
LaTeX Font Info:    Overwriting symbol font `letters' in version `bold'
(Font)                  OML/cmm/b/it --> OML/lmm/b/it on input line 27.
LaTeX Font Info:    Overwriting symbol font `symbols' in version `bold'
(Font)                  OMS/cmsy/b/n --> OMS/lmsy/b/n on input line 28.
LaTeX Font Info:    Overwriting symbol font `largesymbols' in version `bold'
(Font)                  OMX/cmex/m/n --> OMX/lmex/m/n on input line 29.
LaTeX Font Info:    Overwriting math alphabet `\mathbf' in version `normal'
(Font)                  OT1/cmr/bx/n --> OT1/lmr/bx/n on input line 31.
LaTeX Font Info:    Overwriting math alphabet `\mathsf' in version `normal'
(Font)                  OT1/cmss/m/n --> OT1/lmss/m/n on input line 32.
LaTeX Font Info:    Overwriting math alphabet `\mathit' in version `normal'
(Font)                  OT1/cmr/m/it --> OT1/lmr/m/it on input line 33.
LaTeX Font Info:    Overwriting math alphabet `\mathtt' in version `normal'
(Font)                  OT1/cmtt/m/n --> OT1/lmtt/m/n on input line 34.
LaTeX Font Info:    Overwriting math alphabet `\mathbf' in version `bold'
(Font)                  OT1/cmr/bx/n --> OT1/lmr/bx/n on input line 35.
LaTeX Font Info:    Overwriting math alphabet `\mathsf' in version `bold'
(Font)                  OT1/cmss/bx/n --> OT1/lmss/bx/n on input line 36.
LaTeX Font Info:    Overwriting math alphabet `\mathit' in version `bold'
(Font)                  OT1/cmr/bx/it --> OT1/lmr/bx/it on input line 37.
LaTeX Font Info:    Overwriting math alphabet `\mathtt' in version `bold'
(Font)                  OT1/cmtt/m/n --> OT1/lmtt/m/n on input line 38.
)
luaotfload | cache : Lookup cache loaded from /Users/akihirao/Library/texlive/20
25/texmf-var/luatex-cache/generic/names/luaotfload-lookup-cache.luc.

Package fontspec Info: 
(fontspec)             IPAexMincho scale = 0.8756793288711283.


Package fontspec Info: 
(fontspec)             IPAexMincho scale = 1.


Package fontspec Info: 
(fontspec)             Could not resolve font "IPAexMincho/BI" (it probably
(fontspec)             doesn't exist).


Package fontspec Info: 
(fontspec)             Could not resolve font "IPAexMincho/B" (it probably
(fontspec)             doesn't exist).


Package fontspec Info: 
(fontspec)             Could not resolve font "IPAexMincho/I" (it probably
(fontspec)             doesn't exist).


Package fontspec Info: 
(fontspec)             IPAexMincho scale = 0.8756793288711283.


Package fontspec Info: 
(fontspec)             IPAexMincho scale = 1.


Package fontspec Info: 
(fontspec)             Font family 'IPAexMincho(0)' created for font
(fontspec)             'IPAexMincho' with options
(fontspec)             [Scale=MatchLowercase,Ligatures=TeX,Scale=1].
(fontspec)              
(fontspec)              This font family consists of the following NFSS
(fontspec)             series/shapes:
(fontspec)              
(fontspec)             - 'normal' (m/n) with NFSS spec.:
(fontspec)             <->s*[1]"name:IPAexMincho:mode=node;script=latn;language
=dflt;+tlig;"

LaTeX Font Info:    Font shape `TU/IPAexMincho(0)/m/n' will be
(Font)              scaled to size 10.0pt on input line 24.

Package fontspec Info: 
(fontspec)             IPAexMincho scale = 0.9999968998111986.


Package fontspec Info: 
(fontspec)             Could not resolve font "IPAexMincho/BI" (it probably
(fontspec)             doesn't exist).


Package fontspec Info: 
(fontspec)             Could not resolve font "IPAexMincho/B" (it probably
(fontspec)             doesn't exist).


Package fontspec Info: 
(fontspec)             Could not resolve font "IPAexMincho/I" (it probably
(fontspec)             doesn't exist).


Package fontspec Info: 
(fontspec)             IPAexMincho scale = 0.9999968998111986.


Package fontspec Info: 
(fontspec)             Font family 'IPAexMincho(1)' created for font
(fontspec)             'IPAexMincho' with options
(fontspec)             [Scale=MatchLowercase,Renderer=Basic].
(fontspec)              
(fontspec)              This font family consists of the following NFSS
(fontspec)             series/shapes:
(fontspec)              
(fontspec)             - 'normal' (m/n) with NFSS spec.:
(fontspec)             <->s*[0.9999968998111986]"name:IPAexMincho:mode=base;scr
ipt=latn;language=dflt;"

LaTeX Font Info:    Overwriting math alphabet `\mathrm' in version `normal'
(Font)                  OT1/lmr/m/n --> TU/IPAexMincho(1)/m/n on input line 24.

LaTeX Font Info:    Overwriting math alphabet `\mathit' in version `normal'
(Font)                  OT1/lmr/m/it --> TU/IPAexMincho(1)/m/it on input line 2
4.
LaTeX Font Info:    Overwriting math alphabet `\mathbf' in version `normal'
(Font)                  OT1/lmr/bx/n --> TU/IPAexMincho(1)/b/n on input line 24
.
(/usr/local/texlive/2025/texmf-dist/tex/latex/upquote/upquote.sty
Package: upquote 2012/04/19 v1.3 upright-quote and grave-accent glyphs in verba
tim
(/usr/local/texlive/2025/texmf-dist/tex/latex/base/textcomp.sty
Package: textcomp 2024/04/24 v2.1b Standard LaTeX package
)) (/usr/local/texlive/2025/texmf-dist/tex/latex/microtype/microtype.sty
Package: microtype 2025/02/11 v3.2a Micro-typographical refinements (RS)
\MT@toks=\toks24
\MT@tempbox=\box55
\MT@count=\count299
LaTeX Info: Redefining \noprotrusionifhmode on input line 1087.
LaTeX Info: Redefining \leftprotrusion on input line 1088.
\MT@prot@toks=\toks25
LaTeX Info: Redefining \rightprotrusion on input line 1107.
LaTeX Info: Redefining \textls on input line 1449.
\MT@outer@kern=\dimen161
LaTeX Info: Redefining \microtypecontext on input line 2053.
LaTeX Info: Redefining \textmicrotypecontext on input line 2070.
\MT@listname@count=\count300
(/usr/local/texlive/2025/texmf-dist/tex/latex/microtype/microtype-luatex.def
File: microtype-luatex.def 2025/02/11 v3.2a Definitions specific to luatex (RS)

Lua module: microtype 2025/02/11 v3.2a microtype module.
Module microtype Info: overwriting function `keepligature' on input line 63
LaTeX Info: Redefining \lsstyle on input line 779.
LaTeX Info: Redefining \lslig on input line 779.
\MT@outer@space=\skip54
)
Package microtype Info: Loading configuration file microtype.cfg.
(/usr/local/texlive/2025/texmf-dist/tex/latex/microtype/microtype.cfg
File: microtype.cfg 2025/02/11 v3.2a microtype main configuration file (RS)
)
LaTeX Info: Redefining \microtypesetup on input line 3065.
) (/usr/local/texlive/2025/texmf-dist/tex/latex/parskip/parskip.sty
Package: parskip 2021-03-14 v2.0h non-zero parskip adjustments
(/usr/local/texlive/2025/texmf-dist/tex/latex/kvoptions/kvoptions.sty
Package: kvoptions 2022-06-15 v3.15 Key value format for package options (HO)
(/usr/local/texlive/2025/texmf-dist/tex/generic/ltxcmds/ltxcmds.sty
Package: ltxcmds 2023-12-04 v1.26 LaTeX kernel commands for general use (HO)
) (/usr/local/texlive/2025/texmf-dist/tex/latex/kvsetkeys/kvsetkeys.sty
Package: kvsetkeys 2022-10-05 v1.19 Key value parser (HO)
))) (/usr/local/texlive/2025/texmf-dist/tex/latex/fancyvrb/fancyvrb.sty
Package: fancyvrb 2024/01/20 4.5c verbatim text (tvz,hv)
\FV@CodeLineNo=\count301
\FV@InFile=\read2
\FV@TabBox=\box56
\c@FancyVerbLine=\count302
\FV@StepNumber=\count303
\FV@OutFile=\write3
) (/usr/local/texlive/2025/texmf-dist/tex/latex/framed/framed.sty
Package: framed 2011/10/22 v 0.96: framed or shaded text with page breaks
\OuterFrameSep=\skip55
\fb@frw=\dimen162
\fb@frh=\dimen163
\FrameRule=\dimen164
\FrameSep=\dimen165
) (/usr/local/texlive/2025/texmf-dist/tex/latex/graphics/graphicx.sty
Package: graphicx 2021/09/16 v1.2d Enhanced LaTeX Graphics (DPC,SPQR)
(/usr/local/texlive/2025/texmf-dist/tex/latex/graphics/graphics.sty
Package: graphics 2024/08/06 v1.4g Standard LaTeX Graphics (DPC,SPQR)
(/usr/local/texlive/2025/texmf-dist/tex/latex/graphics/trig.sty
Package: trig 2023/12/02 v1.11 sin cos tan (DPC)
) (/usr/local/texlive/2025/texmf-dist/tex/latex/graphics-cfg/graphics.cfg
File: graphics.cfg 2016/06/04 v1.11 sample graphics configuration
)
Package graphics Info: Driver file: luatex.def on input line 106.
)
\Gin@req@height=\dimen166
\Gin@req@width=\dimen167
)
\pandoc@box=\box57
(/usr/local/texlive/2025/texmf-dist/tex/latex/bookmark/bookmark.sty
Package: bookmark 2023-12-10 v1.31 PDF bookmarks (HO)
(/usr/local/texlive/2025/texmf-dist/tex/latex/hyperref/hyperref.sty
Package: hyperref 2024-11-05 v7.01l Hypertext links for LaTeX
(/usr/local/texlive/2025/texmf-dist/tex/generic/kvdefinekeys/kvdefinekeys.sty
Package: kvdefinekeys 2019-12-19 v1.6 Define keys (HO)
) (/usr/local/texlive/2025/texmf-dist/tex/generic/pdfescape/pdfescape.sty
Package: pdfescape 2019/12/09 v1.15 Implements pdfTeX's escape features (HO)
(/usr/local/texlive/2025/texmf-dist/tex/generic/pdftexcmds/pdftexcmds.sty
Package: pdftexcmds 2020-06-27 v0.33 Utility functions of pdfTeX for LuaTeX (HO
)
(/usr/local/texlive/2025/texmf-dist/tex/generic/infwarerr/infwarerr.sty
Package: infwarerr 2019/12/03 v1.5 Providing info/warning/error messages (HO)
)
Package pdftexcmds Info: \pdf@primitive is available.
Package pdftexcmds Info: \pdf@ifprimitive is available.
Package pdftexcmds Info: \pdfdraftmode found.
\pdftexcmds@toks=\toks26
)) (/usr/local/texlive/2025/texmf-dist/tex/latex/hycolor/hycolor.sty
Package: hycolor 2020-01-27 v1.10 Color options for hyperref/bookmark (HO)
) (/usr/local/texlive/2025/texmf-dist/tex/latex/hyperref/nameref.sty
Package: nameref 2023-11-26 v2.56 Cross-referencing by name of section
(/usr/local/texlive/2025/texmf-dist/tex/latex/refcount/refcount.sty
Package: refcount 2019/12/15 v3.6 Data extraction from label references (HO)
)
(/usr/local/texlive/2025/texmf-dist/tex/generic/gettitlestring/gettitlestring.s
ty
Package: gettitlestring 2019/12/15 v1.6 Cleanup title references (HO)
)
\c@section@level=\count304
) (/usr/local/texlive/2025/texmf-dist/tex/generic/stringenc/stringenc.sty
Package: stringenc 2019/11/29 v1.12 Convert strings between diff. encodings (HO
)
)
\@linkdim=\dimen168
\Hy@linkcounter=\count305
\Hy@pagecounter=\count306
(/usr/local/texlive/2025/texmf-dist/tex/latex/hyperref/pd1enc.def
File: pd1enc.def 2024-11-05 v7.01l Hyperref: PDFDocEncoding definition (HO)
) (/usr/local/texlive/2025/texmf-dist/tex/generic/intcalc/intcalc.sty
Package: intcalc 2019/12/15 v1.3 Expandable calculations with integers (HO)
)
\Hy@SavedSpaceFactor=\count307
(/usr/local/texlive/2025/texmf-dist/tex/latex/hyperref/puenc.def
File: puenc.def 2024-11-05 v7.01l Hyperref: PDF Unicode definition (HO)
)
Package hyperref Info: Option `unicode' set `true' on input line 4040.
Package hyperref Info: Hyper figures OFF on input line 4157.
Package hyperref Info: Link nesting OFF on input line 4162.
Package hyperref Info: Hyper index ON on input line 4165.
Package hyperref Info: Plain pages OFF on input line 4172.
Package hyperref Info: Backreferencing OFF on input line 4177.
Package hyperref Info: Implicit mode ON; LaTeX internals redefined.
Package hyperref Info: Bookmarks ON on input line 4424.
\c@Hy@tempcnt=\count308
(/usr/local/texlive/2025/texmf-dist/tex/latex/url/url.sty
\Urlmuskip=\muskip19
Package: url 2013/09/16  ver 3.4  Verb mode for urls, etc.
)
LaTeX Info: Redefining \url on input line 4763.
\XeTeXLinkMargin=\dimen169
(/usr/local/texlive/2025/texmf-dist/tex/generic/bitset/bitset.sty
Package: bitset 2019/12/09 v1.3 Handle bit-vector datatype (HO)
(/usr/local/texlive/2025/texmf-dist/tex/generic/bigintcalc/bigintcalc.sty
Package: bigintcalc 2019/12/15 v1.5 Expandable calculations on big integers (HO
)
))
\Fld@menulength=\count309
\Field@Width=\dimen170
\Fld@charsize=\dimen171
Package hyperref Info: Hyper figures OFF on input line 6042.
Package hyperref Info: Link nesting OFF on input line 6047.
Package hyperref Info: Hyper index ON on input line 6050.
Package hyperref Info: backreferencing OFF on input line 6057.
Package hyperref Info: Link coloring OFF on input line 6062.
Package hyperref Info: Link coloring with OCG OFF on input line 6067.
Package hyperref Info: PDF/A mode OFF on input line 6072.
(/usr/local/texlive/2025/texmf-dist/tex/latex/base/atbegshi-ltx.sty
Package: atbegshi-ltx 2021/01/10 v1.0c Emulation of the original atbegshi
package with kernel methods
)
\Hy@abspage=\count310
\c@Item=\count311
\c@Hfootnote=\count312
)
Package hyperref Info: Driver (autodetected): hluatex.
(/usr/local/texlive/2025/texmf-dist/tex/latex/hyperref/hluatex.def
File: hluatex.def 2024-11-05 v7.01l Hyperref driver for luaTeX
(/usr/local/texlive/2025/texmf-dist/tex/latex/base/atveryend-ltx.sty
Package: atveryend-ltx 2020/08/19 v1.0a Emulation of the original atveryend pac
kage
with kernel methods
)
\Fld@listcount=\count313
\c@bookmark@seq@number=\count314

(/usr/local/texlive/2025/texmf-dist/tex/latex/rerunfilecheck/rerunfilecheck.sty
Package: rerunfilecheck 2022-07-10 v1.10 Rerun checks for auxiliary files (HO)

(/usr/local/texlive/2025/texmf-dist/tex/generic/uniquecounter/uniquecounter.sty
Package: uniquecounter 2019/12/15 v1.4 Provide unlimited unique counter (HO)
)
Package uniquecounter Info: New unique counter `rerunfilecheck' on input line 2
85.
)
\Hy@SectionHShift=\skip56
) (/usr/local/texlive/2025/texmf-dist/tex/latex/bookmark/bkm-pdftex.def
File: bkm-pdftex.def 2023-12-10 v1.31 bookmark driver for pdfTeX and luaTeX (HO
)
\BKM@id=\count315
)) (/usr/local/texlive/2025/texmf-dist/tex/latex/xurl/xurl.sty
Package: xurl 2022/01/09 v 0.10 modify URL breaks
) (./quick_tutorial.aux)
\openout1 = quick_tutorial.aux

LaTeX Font Info:    Checking defaults for OML/cmm/m/it on input line 113.
LaTeX Font Info:    ... okay on input line 113.
LaTeX Font Info:    Checking defaults for OMS/cmsy/m/n on input line 113.
LaTeX Font Info:    ... okay on input line 113.
LaTeX Font Info:    Checking defaults for OT1/cmr/m/n on input line 113.
LaTeX Font Info:    ... okay on input line 113.
LaTeX Font Info:    Checking defaults for T1/cmr/m/n on input line 113.
LaTeX Font Info:    ... okay on input line 113.
LaTeX Font Info:    Checking defaults for TS1/cmr/m/n on input line 113.
LaTeX Font Info:    ... okay on input line 113.
LaTeX Font Info:    Checking defaults for TU/lmr/m/n on input line 113.
LaTeX Font Info:    ... okay on input line 113.
LaTeX Font Info:    Checking defaults for OMX/cmex/m/n on input line 113.
LaTeX Font Info:    ... okay on input line 113.
LaTeX Font Info:    Checking defaults for U/cmr/m/n on input line 113.
LaTeX Font Info:    ... okay on input line 113.
LaTeX Font Info:    Checking defaults for PD1/pdf/m/n on input line 113.
LaTeX Font Info:    ... okay on input line 113.
LaTeX Font Info:    Checking defaults for PU/pdf/m/n on input line 113.
LaTeX Font Info:    ... okay on input line 113.
(/usr/local/texlive/2025/texmf-dist/tex/context/base/mkii/supp-pdf.mkii
[Loading MPS to PDF converter (version 2006.09.02).]
\scratchcounter=\count316
\scratchdimen=\dimen172
\scratchbox=\box58
\nofMPsegments=\count317
\nofMParguments=\count318
\everyMPshowfont=\toks27
\MPscratchCnt=\count319
\MPscratchDim=\dimen173
\MPnumerator=\count320
\makeMPintoPDFobject=\count321
\everyMPtoPDFconversion=\toks28
) (/usr/local/texlive/2025/texmf-dist/tex/latex/epstopdf-pkg/epstopdf-base.sty
Package: epstopdf-base 2020-01-24 v2.11 Base part for package epstopdf
Package epstopdf-base Info: Redefining graphics rule for `.eps' on input line 4
85.
(/usr/local/texlive/2025/texmf-dist/tex/latex/latexconfig/epstopdf-sys.cfg
File: epstopdf-sys.cfg 2010/07/13 v1.3 Configuration of (r)epstopdf for TeX Liv
e
))
*geometry* driver: auto-detecting
*geometry* detected driver: luatex
*geometry* verbose mode - [ preamble ] result:
* driver: luatex
* paper: <default>
* layout: <same size as paper>
* layoutoffset:(h,v)=(0.0pt,0.0pt)
* modes: 
* h-part:(L,W,R)=(72.26999pt, 469.75502pt, 72.26999pt)
* v-part:(T,H,B)=(72.26999pt, 650.43001pt, 72.26999pt)
* \paperwidth=614.295pt
* \paperheight=794.96999pt
* \textwidth=469.75502pt
* \textheight=650.43001pt
* \oddsidemargin=0.0pt
* \evensidemargin=0.0pt
* \topmargin=-37.0pt
* \headheight=12.0pt
* \headsep=25.0pt
* \topskip=10.0pt
* \footskip=30.0pt
* \marginparwidth=65.0pt
* \marginparsep=11.0pt
* \columnsep=10.0pt
* \skip\footins=9.0pt plus 4.0pt minus 2.0pt
* \hoffset=0.0pt
* \voffset=0.0pt
* \mag=1000
* \@twocolumnfalse
* \@twosidefalse
* \@mparswitchfalse
* \@reversemarginfalse
* (1in=72.27pt=25.4mm, 1cm=28.453pt)

LaTeX Font Info:    Overwriting math alphabet `\mathsf' in version `normal'
(Font)                  OT1/lmss/m/n --> TU/lmss/m/n on input line 113.
LaTeX Font Info:    Overwriting math alphabet `\mathsf' in version `bold'
(Font)                  OT1/lmss/bx/n --> TU/lmss/b/n on input line 113.
LaTeX Font Info:    Overwriting math alphabet `\mathtt' in version `normal'
(Font)                  OT1/lmtt/m/n --> TU/lmtt/m/n on input line 113.
LaTeX Font Info:    Overwriting math alphabet `\mathtt' in version `bold'
(Font)                  OT1/lmtt/m/n --> TU/lmtt/b/n on input line 113.

Package fontspec Info: 
(fontspec)             latinmodern-math scale = 1.141962961258369.


Package fontspec Info: 
(fontspec)             latinmodern-math scale = 1.141962961258369.


Package fontspec Info: 
(fontspec)             latinmodern-math scale = 1.141962961258369.


Package fontspec Info: 
(fontspec)             Font family 'latinmodern-math.otf(0)' created for font
(fontspec)             'latinmodern-math.otf' with options
(fontspec)             [Scale=MatchLowercase,Renderer=Basic,BoldItalicFont={},I
talicFont={},SmallCapsFont={},Script=Math,RawFeature={mathfontdimen=xetex},Bold
Font={latinmodern-math.otf}].
(fontspec)              
(fontspec)              This font family consists of the following NFSS
(fontspec)             series/shapes:
(fontspec)              
(fontspec)             - 'normal' (m/n) with NFSS spec.:
(fontspec)             <->s*[1.141962961258369]"[latinmodern-math.otf]:mode=bas
e;script=math;language=dflt;mathfontdimen=xetex;"
(fontspec)             - 'bold' (b/n) with NFSS spec.:
(fontspec)             <->s*[1.141962961258369]"[latinmodern-math.otf]:mode=bas
e;script=math;language=dflt;mathfontdimen=xetex;"

LaTeX Font Info:    Font shape `TU/latinmodern-math.otf(0)/m/n' will be
(Font)              scaled to size 11.41968pt on input line 113.

Package fontspec Info: 
(fontspec)             latinmodern-math scale = 1.141962961258369.


Package fontspec Info: 
(fontspec)             latinmodern-math scale = 1.141962961258369.


Package fontspec Info: 
(fontspec)             latinmodern-math scale = 1.141962961258369.


Package fontspec Info: 
(fontspec)             latinmodern-math scale = 1.141962961258369.


Package fontspec Info: 
(fontspec)             latinmodern-math scale = 1.141962961258369.


Package fontspec Info: 
(fontspec)             Font family 'latinmodern-math.otf(1)' created for font
(fontspec)             'latinmodern-math.otf' with options
(fontspec)             [Scale=MatchLowercase,Renderer=Basic,BoldItalicFont={},I
talicFont={},SmallCapsFont={},Script=Math,SizeFeatures={{Size=8.5-},{Size=6-8.5
,Font=latinmodern-math.otf,Style=MathScript},{Size=-6,Font=latinmodern-math.otf
,Style=MathScriptScript}},RawFeature={mathfontdimen=xetex},BoldFont={latinmoder
n-math.otf}].
(fontspec)              
(fontspec)              This font family consists of the following NFSS
(fontspec)             series/shapes:
(fontspec)              
(fontspec)             - 'normal' (m/n) with NFSS spec.:
(fontspec)             <8.5->s*[1.141962961258369]"[latinmodern-math.otf]:mode=
base;script=math;language=dflt;mathfontdimen=xetex;"<6-8.5>s*[1.141962961258369
]"[latinmodern-math.otf]:mode=base;script=math;language=dflt;mathfontdimen=xete
x;+ssty=0;"<-6>s*[1.141962961258369]"[latinmodern-math.otf]:mode=base;script=ma
th;language=dflt;mathfontdimen=xetex;+ssty=1;"
(fontspec)             - 'bold' (b/n) with NFSS spec.:
(fontspec)             <->s*[1.141962961258369]"[latinmodern-math.otf]:mode=bas
e;script=math;language=dflt;mathfontdimen=xetex;"

LaTeX Font Info:    Font shape `TU/latinmodern-math.otf(1)/m/n' will be
(Font)              scaled to size 11.41968pt on input line 113.
LaTeX Font Info:    Encoding `OT1' has changed to `TU' for symbol font
(Font)              `operators' in the math version `normal' on input line 113.

LaTeX Font Info:    Overwriting symbol font `operators' in version `normal'
(Font)                  OT1/lmr/m/n --> TU/latinmodern-math.otf(1)/m/n on input
 line 113.
LaTeX Font Info:    Encoding `OT1' has changed to `TU' for symbol font
(Font)              `operators' in the math version `bold' on input line 113.
LaTeX Font Info:    Overwriting symbol font `operators' in version `bold'
(Font)                  OT1/lmr/bx/n --> TU/latinmodern-math.otf(1)/b/n on inpu
t line 113.

Package fontspec Info: 
(fontspec)             latinmodern-math scale = 1.141962961258369.


Package fontspec Info: 
(fontspec)             latinmodern-math scale = 1.141962961258369.


Package fontspec Info: 
(fontspec)             latinmodern-math scale = 1.141962961258369.


Package fontspec Info: 
(fontspec)             latinmodern-math scale = 1.141962961258369.


Package fontspec Info: 
(fontspec)             latinmodern-math scale = 1.141962961258369.


Package fontspec Info: 
(fontspec)             Font family 'latinmodern-math.otf(2)' created for font
(fontspec)             'latinmodern-math.otf' with options
(fontspec)             [Scale=MatchLowercase,Renderer=Basic,BoldItalicFont={},I
talicFont={},SmallCapsFont={},Script=Math,SizeFeatures={{Size=8.5-},{Size=6-8.5
,Font=latinmodern-math.otf,Style=MathScript},{Size=-6,Font=latinmodern-math.otf
,Style=MathScriptScript}},RawFeature={mathfontdimen=xetex},BoldFont={latinmoder
n-math.otf},RawFeature={mathfontdimen=tex2}].
(fontspec)              
(fontspec)              This font family consists of the following NFSS
(fontspec)             series/shapes:
(fontspec)              
(fontspec)             - 'normal' (m/n) with NFSS spec.:
(fontspec)             <8.5->s*[1.141962961258369]"[latinmodern-math.otf]:mode=
base;script=math;language=dflt;mathfontdimen=xetex;mathfontdimen=tex2;"<6-8.5>s
*[1.141962961258369]"[latinmodern-math.otf]:mode=base;script=math;language=dflt
;mathfontdimen=xetex;mathfontdimen=tex2;+ssty=0;"<-6>s*[1.141962961258369]"[lat
inmodern-math.otf]:mode=base;script=math;language=dflt;mathfontdimen=xetex;math
fontdimen=tex2;+ssty=1;"
(fontspec)             - 'bold' (b/n) with NFSS spec.:
(fontspec)             <->s*[1.141962961258369]"[latinmodern-math.otf]:mode=bas
e;script=math;language=dflt;mathfontdimen=xetex;mathfontdimen=tex2;"

LaTeX Font Info:    Encoding `OMS' has changed to `TU' for symbol font
(Font)              `symbols' in the math version `normal' on input line 113.
LaTeX Font Info:    Overwriting symbol font `symbols' in version `normal'
(Font)                  OMS/lmsy/m/n --> TU/latinmodern-math.otf(2)/m/n on inpu
t line 113.
LaTeX Font Info:    Encoding `OMS' has changed to `TU' for symbol font
(Font)              `symbols' in the math version `bold' on input line 113.
LaTeX Font Info:    Overwriting symbol font `symbols' in version `bold'
(Font)                  OMS/lmsy/b/n --> TU/latinmodern-math.otf(2)/b/n on inpu
t line 113.

Package fontspec Info: 
(fontspec)             latinmodern-math scale = 1.141962961258369.


Package fontspec Info: 
(fontspec)             latinmodern-math scale = 1.141962961258369.


Package fontspec Info: 
(fontspec)             latinmodern-math scale = 1.141962961258369.


Package fontspec Info: 
(fontspec)             latinmodern-math scale = 1.141962961258369.


Package fontspec Info: 
(fontspec)             latinmodern-math scale = 1.141962961258369.


Package fontspec Info: 
(fontspec)             Font family 'latinmodern-math.otf(3)' created for font
(fontspec)             'latinmodern-math.otf' with options
(fontspec)             [Scale=MatchLowercase,Renderer=Basic,BoldItalicFont={},I
talicFont={},SmallCapsFont={},Script=Math,SizeFeatures={{Size=8.5-},{Size=6-8.5
,Font=latinmodern-math.otf,Style=MathScript},{Size=-6,Font=latinmodern-math.otf
,Style=MathScriptScript}},RawFeature={mathfontdimen=xetex},BoldFont={latinmoder
n-math.otf},RawFeature={mathfontdimen=tex3}].
(fontspec)              
(fontspec)              This font family consists of the following NFSS
(fontspec)             series/shapes:
(fontspec)              
(fontspec)             - 'normal' (m/n) with NFSS spec.:
(fontspec)             <8.5->s*[1.141962961258369]"[latinmodern-math.otf]:mode=
base;script=math;language=dflt;mathfontdimen=xetex;mathfontdimen=tex3;"<6-8.5>s
*[1.141962961258369]"[latinmodern-math.otf]:mode=base;script=math;language=dflt
;mathfontdimen=xetex;mathfontdimen=tex3;+ssty=0;"<-6>s*[1.141962961258369]"[lat
inmodern-math.otf]:mode=base;script=math;language=dflt;mathfontdimen=xetex;math
fontdimen=tex3;+ssty=1;"
(fontspec)             - 'bold' (b/n) with NFSS spec.:
(fontspec)             <->s*[1.141962961258369]"[latinmodern-math.otf]:mode=bas
e;script=math;language=dflt;mathfontdimen=xetex;mathfontdimen=tex3;"

LaTeX Font Info:    Encoding `OMX' has changed to `TU' for symbol font
(Font)              `largesymbols' in the math version `normal' on input line 1
13.
LaTeX Font Info:    Overwriting symbol font `largesymbols' in version `normal'
(Font)                  OMX/lmex/m/n --> TU/latinmodern-math.otf(3)/m/n on inpu
t line 113.
LaTeX Font Info:    Encoding `OMX' has changed to `TU' for symbol font
(Font)              `largesymbols' in the math version `bold' on input line 113
.
LaTeX Font Info:    Overwriting symbol font `largesymbols' in version `bold'
(Font)                  OMX/lmex/m/n --> TU/latinmodern-math.otf(3)/b/n on inpu
t line 113.
LaTeX Font Info:    Font shape `TU/latinmodern-math.otf(1)/m/n' will be
(Font)              scaled to size 7.99377pt on input line 113.
LaTeX Font Info:    Font shape `TU/latinmodern-math.otf(1)/m/n' will be
(Font)              scaled to size 5.70984pt on input line 113.
LaTeX Font Info:    Trying to load font information for OML+lmm on input line 1
13.
(/usr/local/texlive/2025/texmf-dist/tex/latex/lm/omllmm.fd
File: omllmm.fd 2015/05/01 v1.6.1 Font defs for Latin Modern
)
LaTeX Font Info:    Font shape `TU/latinmodern-math.otf(2)/m/n' will be
(Font)              scaled to size 11.41968pt on input line 113.
LaTeX Font Info:    Font shape `TU/latinmodern-math.otf(2)/m/n' will be
(Font)              scaled to size 7.99377pt on input line 113.
LaTeX Font Info:    Font shape `TU/latinmodern-math.otf(2)/m/n' will be
(Font)              scaled to size 5.70984pt on input line 113.
LaTeX Font Info:    Font shape `TU/latinmodern-math.otf(3)/m/n' will be
(Font)              scaled to size 11.41968pt on input line 113.
LaTeX Font Info:    Font shape `TU/latinmodern-math.otf(3)/m/n' will be
(Font)              scaled to size 7.99377pt on input line 113.
LaTeX Font Info:    Font shape `TU/latinmodern-math.otf(3)/m/n' will be
(Font)              scaled to size 5.70984pt on input line 113.
LaTeX Font Info:    Trying to load font information for U+msa on input line 113
.
(/usr/local/texlive/2025/texmf-dist/tex/latex/amsfonts/umsa.fd
File: umsa.fd 2013/01/14 v3.01 AMS symbols A
)
LaTeX Font Info:    Trying to load font information for U+msb on input line 113
.
(/usr/local/texlive/2025/texmf-dist/tex/latex/amsfonts/umsb.fd
File: umsb.fd 2013/01/14 v3.01 AMS symbols B
)
LaTeX Info: Redefining \microtypecontext on input line 113.
Package microtype Info: Applying patch `item' on input line 113.
Package microtype Info: Applying patch `toc' on input line 113.
Package microtype Info: Applying patch `eqnum' on input line 113.
Package microtype Info: Applying patch `footnote' on input line 113.
Package microtype Info: Applying patch `verbatim' on input line 113.
LaTeX Info: Redefining \microtypesetup on input line 113.
Package microtype Info: Generating PDF output.
Package microtype Info: Character protrusion enabled (level 2).
Package microtype Info: Using protrusion set `basicmath'.
Package microtype Info: Automatic font expansion enabled (level 2),
(microtype)             stretch: 20, shrink: 20, step: 1, non-selected.
Package microtype Info: Using default expansion set `alltext-nott'.
LaTeX Info: Redefining \showhyphens on input line 113.
Package microtype Info: No adjustment of tracking.
Package microtype Info: No adjustment of spacing.
Package microtype Info: No adjustment of kerning.
Package microtype Info: Loading generic protrusion settings for font family
(microtype)             `IPAexMincho' (encoding: TU).
(microtype)             For optimal results, create family-specific settings.
(microtype)             See the microtype manual for details.

Package microtype Warning: Unknown slot number of character
(microtype)                `\u G'
(microtype)                in font encoding `TU' in inheritance list
(microtype)                `microtype.cfg/411(protrusion)'.


Package microtype Warning: Unknown slot number of character
(microtype)                `\u g'
(microtype)                in font encoding `TU' in inheritance list
(microtype)                `microtype.cfg/411(protrusion)'.


Package microtype Warning: Unknown slot number of character
(microtype)                `\.I'
(microtype)                in font encoding `TU' in inheritance list
(microtype)                `microtype.cfg/411(protrusion)'.


Package microtype Warning: Unknown slot number of character
(microtype)                `\"Y'
(microtype)                in font encoding `TU' in inheritance list
(microtype)                `microtype.cfg/411(protrusion)'.

Package microtype Info: Character `quotesinglbase ' is missing
(microtype)             in font `TU/IPAexMincho(0)/m/n/10'.
(microtype)             Ignoring protrusion settings for this character.
Package microtype Info: Character `quotedblbase ' is missing
(microtype)             in font `TU/IPAexMincho(0)/m/n/10'.
(microtype)             Ignoring protrusion settings for this character.
Package microtype Info: Character `guilsinglleft ' is missing
(microtype)             in font `TU/IPAexMincho(0)/m/n/10'.
(microtype)             Ignoring protrusion settings for this character.
Package microtype Info: Character `guilsinglright ' is missing
(microtype)             in font `TU/IPAexMincho(0)/m/n/10'.
(microtype)             Ignoring protrusion settings for this character.
Package hyperref Info: Link coloring OFF on input line 113.
LaTeX Font Info:    Font shape `TU/IPAexMincho(0)/m/n' will be
(Font)              scaled to size 17.28pt on input line 115.
LaTeX Font Info:    Font shape `TU/IPAexMincho(0)/m/n' will be
(Font)              scaled to size 12.0pt on input line 115.
Package microtype Info: Character `quotesinglbase ' is missing
(microtype)             in font `TU/IPAexMincho(0)/m/n/12'.
(microtype)             Ignoring protrusion settings for this character.
Package microtype Info: Character `quotedblbase ' is missing
(microtype)             in font `TU/IPAexMincho(0)/m/n/12'.
(microtype)             Ignoring protrusion settings for this character.
Package microtype Info: Character `guilsinglleft ' is missing
(microtype)             in font `TU/IPAexMincho(0)/m/n/12'.
(microtype)             Ignoring protrusion settings for this character.
Package microtype Info: Character `guilsinglright ' is missing
(microtype)             in font `TU/IPAexMincho(0)/m/n/12'.
(microtype)             Ignoring protrusion settings for this character.
LaTeX Font Info:    Font shape `TU/latinmodern-math.otf(1)/m/n' will be
(Font)              scaled to size 13.70361pt on input line 115.
LaTeX Font Info:    Font shape `TU/latinmodern-math.otf(1)/m/n' will be
(Font)              scaled to size 9.13574pt on input line 115.
LaTeX Font Info:    Font shape `TU/latinmodern-math.otf(1)/m/n' will be
(Font)              scaled to size 6.8518pt on input line 115.
LaTeX Font Info:    Font shape `TU/latinmodern-math.otf(2)/m/n' will be
(Font)              scaled to size 13.70361pt on input line 115.
LaTeX Font Info:    Font shape `TU/latinmodern-math.otf(2)/m/n' will be
(Font)              scaled to size 9.13574pt on input line 115.
LaTeX Font Info:    Font shape `TU/latinmodern-math.otf(2)/m/n' will be
(Font)              scaled to size 6.8518pt on input line 115.
LaTeX Font Info:    Font shape `TU/latinmodern-math.otf(3)/m/n' will be
(Font)              scaled to size 13.70361pt on input line 115.
LaTeX Font Info:    Font shape `TU/latinmodern-math.otf(3)/m/n' will be
(Font)              scaled to size 9.13574pt on input line 115.
LaTeX Font Info:    Font shape `TU/latinmodern-math.otf(3)/m/n' will be
(Font)              scaled to size 6.8518pt on input line 115.
(/usr/local/texlive/2025/texmf-dist/tex/latex/microtype/mt-msa.cfg
File: mt-msa.cfg 2006/02/04 v1.1 microtype config. file: AMS symbols (a) (RS)
) (/usr/local/texlive/2025/texmf-dist/tex/latex/microtype/mt-msb.cfg
File: mt-msb.cfg 2005/06/01 v1.0 microtype config. file: AMS symbols (b) (RS)
)
LaTeX Font Info:    Font shape `TU/IPAexMincho(0)/m/n' will be
(Font)              scaled to size 14.4pt on input line 116.

LaTeX Font Warning: Font shape `TU/IPAexMincho(0)/b/n' undefined
(Font)              using `TU/IPAexMincho(0)/m/n' instead on input line 116.

LaTeX Font Info:    Font shape `TU/lmtt/bx/n' in size <10> not available
(Font)              Font shape `TU/lmtt/b/n' tried instead on input line 120.

LaTeX Font Warning: Font shape `TU/lmtt/bx/it' in size <10> not available
(Font)              Font shape `TU/lmtt/b/sl' tried instead on input line 120.

LaTeX Font Info:    Font shape `TU/IPAexMincho(0)/b/n' will be
(Font)              scaled to size 14.4pt on input line 132.


[1

{/usr/local/texlive/2025/texmf-var/fonts/map/pdftex/updmap/pdftex.map}
Missing character: There is no （ (U+FF08) in font [lmmono10-italic]:!
Missing character: There is no ） (U+FF09) in font [lmmono10-italic]:!
Missing character: There is no （ (U+FF08) in font [lmmono10-italic]:!
Missing character: There is no ） (U+FF09) in font [lmmono10-italic]:!
Missing character: There is no （ (U+FF08) in font [lmmono10-italic]:!
Missing character: There is no ） (U+FF09) in font [lmmono10-italic]:!
Missing character: There is no 各 (U+5404) in font [lmmono10-italic]:!
Missing character: There is no 観 (U+89B3) in font [lmmono10-italic]:!
Missing character: There is no 測 (U+6E2C) in font [lmmono10-italic]:!
Missing character: There is no の (U+306E) in font [lmmono10-italic]:!
Missing character: There is no 月 (U+6708) in font [lmmono10-italic]:!
Missing character: There is no 番 (U+756A) in font [lmmono10-italic]:!
Missing character: There is no 号 (U+53F7) in font [lmmono10-italic]:!
Missing character: There is no （ (U+FF08) in font [lmmono10-italic]:!
Missing character: There is no ～ (U+FF5E) in font [lmmono10-italic]:!
Missing character: There is no ） (U+FF09) in font [lmmono10-italic]:!
]
<quick_tutorial_files/figure-latex/unnamed-chunk-4-1.pdf, id=17, 459.7175pt x 2
95.1025pt>
File: quick_tutorial_files/figure-latex/unnamed-chunk-4-1.pdf Graphic file (typ
e pdf)
<use quick_tutorial_files/figure-latex/unnamed-chunk-4-1.pdf>
Package luatex.def Info: quick_tutorial_files/figure-latex/unnamed-chunk-4-1.pd
f  used on input line 224.
(luatex.def)             Requested size: 459.71637pt x 295.10176pt.
<quick_tutorial_files/figure-latex/unnamed-chunk-5-1.pdf, id=18, 459.7175pt x 3
13.17pt>
File: quick_tutorial_files/figure-latex/unnamed-chunk-5-1.pdf Graphic file (typ
e pdf)
<use quick_tutorial_files/figure-latex/unnamed-chunk-5-1.pdf>
Package luatex.def Info: quick_tutorial_files/figure-latex/unnamed-chunk-5-1.pd
f  used on input line 242.
(luatex.def)             Requested size: 459.71637pt x 313.16922pt.


[2
Missing character: There is no 小 (U+5C0F) in font [lmmono10-italic]:!
Missing character: There is no 数 (U+6570) in font [lmmono10-italic]:!
Missing character: There is no 年 (U+5E74) in font [lmmono10-italic]:!
Missing character: There is no （ (U+FF08) in font [lmmono10-italic]:!
Missing character: There is no ） (U+FF09) in font [lmmono10-italic]:!
Missing character: There is no 期 (U+671F) in font [lmmono10-italic]:!
Missing character: There is no 間 (U+9593) in font [lmmono10-italic]:!
Missing character: There is no 抽 (U+62BD) in font [lmmono10-italic]:!
Missing character: There is no 出 (U+51FA) in font [lmmono10-italic]:!
<./quick_tutorial_files/figure-latex/unnamed-chunk-4-1.pdf>]
<quick_tutorial_files/figure-latex/unnamed-chunk-6-1.pdf, id=32, 459.7175pt x 3
13.17pt>
File: quick_tutorial_files/figure-latex/unnamed-chunk-6-1.pdf Graphic file (typ
e pdf)
<use quick_tutorial_files/figure-latex/unnamed-chunk-6-1.pdf>
Package luatex.def Info: quick_tutorial_files/figure-latex/unnamed-chunk-6-1.pd
f  used on input line 260.
(luatex.def)             Requested size: 459.71637pt x 313.16922pt.


[3<./quick_tutorial_files/figure-latex/unnamed-chunk-5-1.pdf>]

[4
Missing character: There is no 係 (U+4FC2) in font [lmmono10-italic]:!
Missing character: There is no 数 (U+6570) in font [lmmono10-italic]:!
Missing character: There is no の (U+306E) in font [lmmono10-italic]:!
Missing character: There is no 信 (U+4FE1) in font [lmmono10-italic]:!
Missing character: There is no 頼 (U+983C) in font [lmmono10-italic]:!
Missing character: There is no 区 (U+533A) in font [lmmono10-italic]:!
Missing character: There is no 間 (U+9593) in font [lmmono10-italic]:!
Missing character: There is no 推 (U+63A8) in font [lmmonolt10-boldoblique]:!
Missing character: There is no 定 (U+5B9A) in font [lmmonolt10-boldoblique]:!
Missing character: There is no は (U+306F) in font [lmmonolt10-boldoblique]:!
Missing character: There is no 収 (U+53CE) in font [lmmonolt10-boldoblique]:!
Missing character: There is no 束 (U+675F) in font [lmmonolt10-boldoblique]:!
Missing character: There is no し (U+3057) in font [lmmonolt10-boldoblique]:!
Missing character: There is no て (U+3066) in font [lmmonolt10-boldoblique]:!
Missing character: There is no い (U+3044) in font [lmmonolt10-boldoblique]:!
Missing character: There is no る (U+308B) in font [lmmonolt10-boldoblique]:!
Missing character: There is no か (U+304B) in font [lmmonolt10-boldoblique]:!
Missing character: There is no ？ (U+FF1F) in font [lmmonolt10-boldoblique]:!
Missing character: There is no が (U+304C) in font [lmmono10-italic]:!
Missing character: There is no 返 (U+8FD4) in font [lmmono10-italic]:!
Missing character: There is no っ (U+3063) in font [lmmono10-italic]:!
Missing character: There is no て (U+3066) in font [lmmono10-italic]:!
Missing character: There is no く (U+304F) in font [lmmono10-italic]:!
Missing character: There is no れ (U+308C) in font [lmmono10-italic]:!
Missing character: There is no ば (U+3070) in font [lmmono10-italic]:!
Missing character: There is no 収 (U+53CE) in font [lmmono10-italic]:!
Missing character: There is no 束 (U+675F) in font [lmmono10-italic]:!
Missing character: There is no 、 (U+3001) in font [lmmono10-italic]:!
Missing character: There is no そ (U+305D) in font [lmmono10-italic]:!
Missing character: There is no れ (U+308C) in font [lmmono10-italic]:!
Missing character: There is no 以 (U+4EE5) in font [lmmono10-italic]:!
Missing character: There is no 外 (U+5916) in font [lmmono10-italic]:!
Missing character: There is no は (U+306F) in font [lmmono10-italic]:!
Missing character: There is no 非 (U+975E) in font [lmmono10-italic]:!
Missing character: There is no 収 (U+53CE) in font [lmmono10-italic]:!
Missing character: There is no 束 (U+675F) in font [lmmono10-italic]:!
Missing character: There is no モ (U+30E2) in font [lmmonolt10-boldoblique]:!
Missing character: There is no デ (U+30C7) in font [lmmonolt10-boldoblique]:!
Missing character: There is no ル (U+30EB) in font [lmmonolt10-boldoblique]:!
Missing character: There is no の (U+306E) in font [lmmonolt10-boldoblique]:!
Missing character: There is no 残 (U+6B8B) in font [lmmonolt10-boldoblique]:!
Missing character: There is no 差 (U+5DEE) in font [lmmonolt10-boldoblique]:!
Missing character: There is no の (U+306E) in font [lmmonolt10-boldoblique]:!
Missing character: There is no 確 (U+78BA) in font [lmmonolt10-boldoblique]:!
Missing character: There is no 認 (U+8A8D) in font [lmmonolt10-boldoblique]:!
Missing character: There is no 標 (U+6A19) in font [lmmono10-italic]:!
Missing character: There is no 準 (U+6E96) in font [lmmono10-italic]:!
Missing character: There is no 化 (U+5316) in font [lmmono10-italic]:!
Missing character: There is no 残 (U+6B8B) in font [lmmono10-italic]:!
Missing character: There is no 差 (U+5DEE) in font [lmmono10-italic]:!
Missing character: There is no パ (U+30D1) in font [lmmono10-italic]:!
Missing character: There is no ッ (U+30C3) in font [lmmono10-italic]:!
Missing character: There is no ケ (U+30B1) in font [lmmono10-italic]:!
Missing character: There is no ー (U+30FC) in font [lmmono10-italic]:!
Missing character: There is no ジ (U+30B8) in font [lmmono10-italic]:!
Missing character: There is no の (U+306E) in font [lmmono10-italic]:!
Missing character: There is no 関 (U+95A2) in font [lmmono10-italic]:!
Missing character: There is no 数 (U+6570) in font [lmmono10-italic]:!
Missing character: There is no で (U+3067) in font [lmmono10-italic]:!
Missing character: There is no 残 (U+6B8B) in font [lmmono10-italic]:!
Missing character: There is no 差 (U+5DEE) in font [lmmono10-italic]:!
Missing character: There is no の (U+306E) in font [lmmono10-italic]:!
Missing character: There is no チ (U+30C1) in font [lmmono10-italic]:!
Missing character: There is no ェ (U+30A7) in font [lmmono10-italic]:!
Missing character: There is no ッ (U+30C3) in font [lmmono10-italic]:!
Missing character: There is no ク (U+30AF) in font [lmmono10-italic]:!
<./quick_tutorial_files/figure-latex/unnamed-chunk-6-1.pdf>]
<quick_tutorial_files/figure-latex/unnamed-chunk-8-1.pdf, id=58, 459.7175pt x 3
15.1775pt>
File: quick_tutorial_files/figure-latex/unnamed-chunk-8-1.pdf Graphic file (typ
e pdf)
<use quick_tutorial_files/figure-latex/unnamed-chunk-8-1.pdf>
Package luatex.def Info: quick_tutorial_files/figure-latex/unnamed-chunk-8-1.pd
f  used on input line 308.
(luatex.def)             Requested size: 459.71637pt x 315.17673pt.


[5
Missing character: There is no 検 (U+691C) in font [lmmono10-italic]:!
Missing character: There is no 定 (U+5B9A) in font [lmmono10-italic]:!
Missing character: There is no で (U+3067) in font [lmmono10-italic]:!
Missing character: There is no 残 (U+6B8B) in font [lmmono10-italic]:!
Missing character: There is no 差 (U+5DEE) in font [lmmono10-italic]:!
Missing character: There is no に (U+306B) in font [lmmono10-italic]:!
Missing character: There is no 有 (U+6709) in font [lmmono10-italic]:!
Missing character: There is no 意 (U+610F) in font [lmmono10-italic]:!
Missing character: There is no な (U+306A) in font [lmmono10-italic]:!
Missing character: There is no 自 (U+81EA) in font [lmmono10-italic]:!
Missing character: There is no 己 (U+5DF1) in font [lmmono10-italic]:!
Missing character: There is no 相 (U+76F8) in font [lmmono10-italic]:!
Missing character: There is no 関 (U+95A2) in font [lmmono10-italic]:!
Missing character: There is no な (U+306A) in font [lmmono10-italic]:!
Missing character: There is no し (U+3057) in font [lmmono10-italic]:!
Missing character: There is no と (U+3068) in font [lmmono10-italic]:!
Missing character: There is no 判 (U+5224) in font [lmmono10-italic]:!
Missing character: There is no 断 (U+65AD) in font [lmmono10-italic]:!
Missing character: There is no 図 (U+56F3) in font [lmmono10-italic]:!
Missing character: There is no 示 (U+793A) in font [lmmono10-italic]:!
Missing character: There is no さ (U+3055) in font [lmmono10-italic]:!
Missing character: There is no れ (U+308C) in font [lmmono10-italic]:!
Missing character: There is no た (U+305F) in font [lmmono10-italic]:!
Missing character: There is no 残 (U+6B8B) in font [lmmono10-italic]:!
Missing character: There is no 差 (U+5DEE) in font [lmmono10-italic]:!
Missing character: There is no （ (U+FF08) in font [lmmono10-italic]:!
Missing character: There is no 上 (U+4E0A) in font [lmmono10-italic]:!
Missing character: There is no ： (U+FF1A) in font [lmmono10-italic]:!
Missing character: There is no 残 (U+6B8B) in font [lmmono10-italic]:!
Missing character: There is no 差 (U+5DEE) in font [lmmono10-italic]:!
Missing character: There is no 系 (U+7CFB) in font [lmmono10-italic]:!
Missing character: There is no 列 (U+5217) in font [lmmono10-italic]:!
Missing character: There is no ； (U+FF1B) in font [lmmono10-italic]:!
Missing character: There is no 左 (U+5DE6) in font [lmmono10-italic]:!
Missing character: There is no 下 (U+4E0B) in font [lmmono10-italic]:!
Missing character: There is no ： (U+FF1A) in font [lmmono10-italic]:!
Missing character: There is no 残 (U+6B8B) in font [lmmono10-italic]:!
Missing character: There is no 差 (U+5DEE) in font [lmmono10-italic]:!
Missing character: There is no コ (U+30B3) in font [lmmono10-italic]:!
Missing character: There is no レ (U+30EC) in font [lmmono10-italic]:!
Missing character: There is no ロ (U+30ED) in font [lmmono10-italic]:!
Missing character: There is no グ (U+30B0) in font [lmmono10-italic]:!
Missing character: There is no ラ (U+30E9) in font [lmmono10-italic]:!
Missing character: There is no ム (U+30E0) in font [lmmono10-italic]:!
Missing character: There is no ； (U+FF1B) in font [lmmono10-italic]:!
Missing character: There is no 右 (U+53F3) in font [lmmono10-italic]:!
Missing character: There is no 下 (U+4E0B) in font [lmmono10-italic]:!
Missing character: There is no ： (U+FF1A) in font [lmmono10-italic]:!
Missing character: There is no 残 (U+6B8B) in font [lmmono10-italic]:!
Missing character: There is no 差 (U+5DEE) in font [lmmono10-italic]:!
Missing character: There is no の (U+306E) in font [lmmono10-italic]:!
Missing character: There is no ヒ (U+30D2) in font [lmmono10-italic]:!
Missing character: There is no ス (U+30B9) in font [lmmono10-italic]:!
Missing character: There is no ト (U+30C8) in font [lmmono10-italic]:!
Missing character: There is no グ (U+30B0) in font [lmmono10-italic]:!
Missing character: There is no ラ (U+30E9) in font [lmmono10-italic]:!
Missing character: There is no ム (U+30E0) in font [lmmono10-italic]:!
Missing character: There is no ） (U+FF09) in font [lmmono10-italic]:!
Missing character: There is no を (U+3092) in font [lmmono10-italic]:!
Missing character: There is no み (U+307F) in font [lmmono10-italic]:!
Missing character: There is no て (U+3066) in font [lmmono10-italic]:!
Missing character: There is no 異 (U+7570) in font [lmmono10-italic]:!
Missing character: There is no 常 (U+5E38) in font [lmmono10-italic]:!
Missing character: There is no に (U+306B) in font [lmmono10-italic]:!
Missing character: There is no 突 (U+7A81) in font [lmmono10-italic]:!
Missing character: There is no 出 (U+51FA) in font [lmmono10-italic]:!
Missing character: There is no し (U+3057) in font [lmmono10-italic]:!
Missing character: There is no た (U+305F) in font [lmmono10-italic]:!
Missing character: There is no 残 (U+6B8B) in font [lmmono10-italic]:!
Missing character: There is no 差 (U+5DEE) in font [lmmono10-italic]:!
Missing character: There is no が (U+304C) in font [lmmono10-italic]:!
Missing character: There is no な (U+306A) in font [lmmono10-italic]:!
Missing character: There is no い (U+3044) in font [lmmono10-italic]:!
Missing character: There is no か (U+304B) in font [lmmono10-italic]:!
Missing character: There is no な (U+306A) in font [lmmono10-italic]:!
Missing character: There is no ど (U+3069) in font [lmmono10-italic]:!
Missing character: There is no を (U+3092) in font [lmmono10-italic]:!
Missing character: There is no 確 (U+78BA) in font [lmmono10-italic]:!
Missing character: There is no 認 (U+8A8D) in font [lmmono10-italic]:!
Missing character: There is no 正 (U+6B63) in font [lmmonolt10-boldoblique]:!
Missing character: There is no 規 (U+898F) in font [lmmonolt10-boldoblique]:!
Missing character: There is no 性 (U+6027) in font [lmmonolt10-boldoblique]:!
Missing character: There is no の (U+306E) in font [lmmonolt10-boldoblique]:!
Missing character: There is no 確 (U+78BA) in font [lmmonolt10-boldoblique]:!
Missing character: There is no 認 (U+8A8D) in font [lmmonolt10-boldoblique]:!
Missing character: There is no で (U+3067) in font [lmmono10-italic]:!
Missing character: There is no 正 (U+6B63) in font [lmmono10-italic]:!
Missing character: There is no 規 (U+898F) in font [lmmono10-italic]:!
Missing character: There is no 分 (U+5206) in font [lmmono10-italic]:!
Missing character: There is no 布 (U+5E03) in font [lmmono10-italic]:!
Missing character: There is no と (U+3068) in font [lmmono10-italic]:!
Missing character: There is no 有 (U+6709) in font [lmmono10-italic]:!
Missing character: There is no 意 (U+610F) in font [lmmono10-italic]:!
Missing character: There is no に (U+306B) in font [lmmono10-italic]:!
Missing character: There is no 異 (U+7570) in font [lmmono10-italic]:!
Missing character: There is no な (U+306A) in font [lmmono10-italic]:!
Missing character: There is no っ (U+3063) in font [lmmono10-italic]:!
Missing character: There is no て (U+3066) in font [lmmono10-italic]:!
Missing character: There is no い (U+3044) in font [lmmono10-italic]:!
Missing character: There is no な (U+306A) in font [lmmono10-italic]:!
Missing character: There is no い (U+3044) in font [lmmono10-italic]:!
Missing character: There is no と (U+3068) in font [lmmono10-italic]:!
Missing character: There is no 判 (U+5224) in font [lmmono10-italic]:!
Missing character: There is no 断 (U+65AD) in font [lmmono10-italic]:!
<./quick_tutorial_files/figure-latex/unnamed-chunk-8-1.pdf>]

[6
Missing character: There is no 推 (U+63A8) in font [lmmono10-italic]:!
Missing character: There is no 定 (U+5B9A) in font [lmmono10-italic]:!
Missing character: There is no パ (U+30D1) in font [lmmono10-italic]:!
Missing character: There is no ラ (U+30E9) in font [lmmono10-italic]:!
Missing character: There is no メ (U+30E1) in font [lmmono10-italic]:!
Missing character: There is no ー (U+30FC) in font [lmmono10-italic]:!
Missing character: There is no タ (U+30BF) in font [lmmono10-italic]:!
Missing character: There is no ー (U+30FC) in font [lmmono10-italic]:!
Missing character: There is no 過 (U+904E) in font [lmmono10-italic]:!
Missing character: There is no 程 (U+7A0B) in font [lmmono10-italic]:!
Missing character: There is no 誤 (U+8AA4) in font [lmmono10-italic]:!
Missing character: There is no 差 (U+5DEE) in font [lmmono10-italic]:!
Missing character: There is no 、 (U+3001) in font [lmmono10-italic]:!
Missing character: There is no 観 (U+89B3) in font [lmmono10-italic]:!
Missing character: There is no 測 (U+6E2C) in font [lmmono10-italic]:!
Missing character: There is no 誤 (U+8AA4) in font [lmmono10-italic]:!
Missing character: There is no 差 (U+5DEE) in font [lmmono10-italic]:!
Missing character: There is no な (U+306A) in font [lmmono10-italic]:!
Missing character: There is no ど (U+3069) in font [lmmono10-italic]:!
Missing character: There is no 平 (U+5E73) in font [lmmono10-italic]:!
Missing character: There is no 滑 (U+6ED1) in font [lmmono10-italic]:!
Missing character: There is no 化 (U+5316) in font [lmmono10-italic]:!
Missing character: There is no 推 (U+63A8) in font [lmmono10-italic]:!
Missing character: There is no 定 (U+5B9A) in font [lmmono10-italic]:!
Missing character: There is no 量 (U+91CF) in font [lmmono10-italic]:!
Missing character: There is no 年 (U+5E74) in font [lmmono10-italic]:!
Missing character: There is no あ (U+3042) in font [lmmono10-italic]:!
Missing character: There is no た (U+305F) in font [lmmono10-italic]:!
Missing character: There is no り (U+308A) in font [lmmono10-italic]:!
Missing character: There is no の (U+306E) in font [lmmono10-italic]:!
Missing character: There is no 平 (U+5E73) in font [lmmono10-italic]:!
Missing character: There is no 均 (U+5747) in font [lmmono10-italic]:!
Missing character: There is no 的 (U+7684) in font [lmmono10-italic]:!
Missing character: There is no な (U+306A) in font [lmmono10-italic]:!
Missing character: There is no 昇 (U+6607) in font [lmmono10-italic]:!
Missing character: There is no 温 (U+6E29) in font [lmmono10-italic]:!
Missing character: There is no 率 (U+7387) in font [lmmono10-italic]:!
Missing character: There is no 年 (U+5E74) in font [lmmono10-italic]:!
Missing character: There is no 代 (U+4EE3) in font [lmmono10-italic]:!
Missing character: There is no に (U+306B) in font [lmmono10-italic]:!
Missing character: There is no お (U+304A) in font [lmmono10-italic]:!
Missing character: There is no け (U+3051) in font [lmmono10-italic]:!
Missing character: There is no る (U+308B) in font [lmmono10-italic]:!
Missing character: There is no 年 (U+5E74) in font [lmmono10-italic]:!
Missing character: There is no あ (U+3042) in font [lmmono10-italic]:!
Missing character: There is no た (U+305F) in font [lmmono10-italic]:!
Missing character: There is no り (U+308A) in font [lmmono10-italic]:!
Missing character: There is no の (U+306E) in font [lmmono10-italic]:!
Missing character: There is no 平 (U+5E73) in font [lmmono10-italic]:!
Missing character: There is no 均 (U+5747) in font [lmmono10-italic]:!
Missing character: There is no 昇 (U+6607) in font [lmmono10-italic]:!
Missing character: There is no 温 (U+6E29) in font [lmmono10-italic]:!
Missing character: There is no 率 (U+7387) in font [lmmono10-italic]:!
]
<quick_tutorial_files/figure-latex/unnamed-chunk-10-1.pdf, id=74, 446.66875pt x
 313.17pt>
File: quick_tutorial_files/figure-latex/unnamed-chunk-10-1.pdf Graphic file (ty
pe pdf)
<use quick_tutorial_files/figure-latex/unnamed-chunk-10-1.pdf>
Package luatex.def Info: quick_tutorial_files/figure-latex/unnamed-chunk-10-1.p
df  used on input line 454.
(luatex.def)             Requested size: 446.66765pt x 313.16922pt.


[7
Missing character: There is no 年 (U+5E74) in font [lmmono10-italic]:!
Missing character: There is no 代 (U+4EE3) in font [lmmono10-italic]:!
Missing character: There is no に (U+306B) in font [lmmono10-italic]:!
Missing character: There is no お (U+304A) in font [lmmono10-italic]:!
Missing character: There is no け (U+3051) in font [lmmono10-italic]:!
Missing character: There is no る (U+308B) in font [lmmono10-italic]:!
Missing character: There is no 年 (U+5E74) in font [lmmono10-italic]:!
Missing character: There is no あ (U+3042) in font [lmmono10-italic]:!
Missing character: There is no た (U+305F) in font [lmmono10-italic]:!
Missing character: There is no り (U+308A) in font [lmmono10-italic]:!
Missing character: There is no の (U+306E) in font [lmmono10-italic]:!
Missing character: There is no 平 (U+5E73) in font [lmmono10-italic]:!
Missing character: There is no 均 (U+5747) in font [lmmono10-italic]:!
Missing character: There is no 昇 (U+6607) in font [lmmono10-italic]:!
Missing character: There is no 温 (U+6E29) in font [lmmono10-italic]:!
Missing character: There is no 率 (U+7387) in font [lmmono10-italic]:!
<./quick_tutorial_files/figure-latex/unnamed-chunk-10-1.pdf>]
<quick_tutorial_files/figure-latex/unnamed-chunk-11-1.pdf, id=86, 459.7175pt x 
313.17pt>
File: quick_tutorial_files/figure-latex/unnamed-chunk-11-1.pdf Graphic file (ty
pe pdf)
<use quick_tutorial_files/figure-latex/unnamed-chunk-11-1.pdf>
Package luatex.def Info: quick_tutorial_files/figure-latex/unnamed-chunk-11-1.p
df  used on input line 470.
(luatex.def)             Requested size: 459.71637pt x 313.16922pt.
<quick_tutorial_files/figure-latex/unnamed-chunk-12-1.pdf, id=87, 459.7175pt x 
313.17pt>
File: quick_tutorial_files/figure-latex/unnamed-chunk-12-1.pdf Graphic file (ty
pe pdf)
<use quick_tutorial_files/figure-latex/unnamed-chunk-12-1.pdf>
Package luatex.def Info: quick_tutorial_files/figure-latex/unnamed-chunk-12-1.p
df  used on input line 486.
(luatex.def)             Requested size: 459.71637pt x 313.16922pt.


[8<./quick_tutorial_files/figure-latex/unnamed-chunk-11-1.pdf>]

[9<./quick_tutorial_files/figure-latex/unnamed-chunk-12-1.pdf>] (./quick_tutori
al.aux)
 ***********
LaTeX2e <2024-11-01> patch level 2
L3 programming layer <2025-01-18>
 ***********

LaTeX Font Warning: Some font shapes were not available, defaults substituted.

)

Here is how much of LuaTeX's memory you used:
 19998 strings out of 475506
 125086,1144653 words of node,token memory allocated
 690 words of node memory still in use:
   14 hlist, 2 vlist, 3 rule, 1 local_par, 6 glue, 5 kern, 1 penalty, 3 glyph, 1
5 attribute, 57 glue_spec, 15 attribute_list, 1 write, 2 pdf_colorstack nodes
   avail lists: 2:795,3:972,4:304,5:286,6:55,7:5311,8:1,9:472,10:10,11:102
 42664 multiletter control sequences out of 65536+600000
 71 fonts using 42710975 bytes
 90i,6n,116p,1010b,487s stack positions out of 10000i,1000n,20000p,200000b,200000s
</usr/local/texlive/2025/texmf-dist/fonts/opentype/public/lm/lmmono10-italic.otf
></usr/local/texlive/2025/texmf-dist/fonts/opentype/public/lm/lmmono10-regular.o
tf></usr/local/texlive/2025/texmf-dist/fonts/opentype/public/lm/lmmonolt10-bold.
otf></usr/local/texlive/2025/texmf-dist/fonts/opentype/public/lm/lmmonolt10-bold
oblique.otf></usr/local/texlive/2025/texmf-dist/fonts/truetype/public/ipaex/ipae
xm.ttf>
Output written on quick_tutorial.pdf (9 pages, 392302 bytes).

PDF statistics: 188 PDF objects out of 1000 (max. 8388607)
 139 compressed objects within 2 object streams
 22 named destinations out of 1000 (max. 131072)
 97 words of extra memory for PDF output out of 10000 (max. 100000000)

